<?xml version="1.0" encoding="UTF-8"?>
<!-- Generated by org.testng.reporters.JUnitReportReporter -->
<testsuite hostname="Rasika" failures="0" tests="1" name="co.techstore.Testlaer.LoginTest" time="16.511" errors="0" timestamp="2023-10-31T15:02:29 IST" skipped="0">
  <testcase classname="co.techstore.Testlaer.LoginTest" name="validatevalidusernameandvalidpassword" time="16.511"/>
  <system-out/>
</testsuite> <!-- co.techstore.Testlaer.LoginTest -->
